Determining if the pthread_create exist failed with the following output:
Change Dir: /home/zhuoming/dca1000_ws/build/CMakeFiles/CMakeTmp

Run Build Command:"/usr/bin/make" "cmTC_47d5c/fast"
/usr/bin/make -f CMakeFiles/cmTC_47d5c.dir/build.make CMakeFiles/cmTC_47d5c.dir/build
make[1]: Entering directory '/home/zhuoming/dca1000_ws/build/CMakeFiles/CMakeTmp'
Building C object CMakeFiles/cmTC_47d5c.dir/CheckSymbolExists.c.o
/usr/bin/cc    -o CMakeFiles/cmTC_47d5c.dir/CheckSymbolExists.c.o   -c /home/zhuoming/dca1000_ws/build/CMakeFiles/CMakeTmp/CheckSymbolExists.c
Linking C executable cmTC_47d5c
/usr/bin/cmake -E cmake_link_script CMakeFiles/cmTC_47d5c.dir/link.txt --verbose=1
/usr/bin/cc      -rdynamic CMakeFiles/cmTC_47d5c.dir/CheckSymbolExists.c.o  -o cmTC_47d5c 
CMakeFiles/cmTC_47d5c.dir/CheckSymbolExists.c.o: In function `main':
CheckSymbolExists.c:(.text+0x1b): undefined reference to `pthread_create'
collect2: error: ld returned 1 exit status
CMakeFiles/cmTC_47d5c.dir/build.make:97: recipe for target 'cmTC_47d5c' failed
make[1]: *** [cmTC_47d5c] Error 1
make[1]: Leaving directory '/home/zhuoming/dca1000_ws/build/CMakeFiles/CMakeTmp'
Makefile:126: recipe for target 'cmTC_47d5c/fast' failed
make: *** [cmTC_47d5c/fast] Error 2

File /home/zhuoming/dca1000_ws/build/CMakeFiles/CMakeTmp/CheckSymbolExists.c:
/* */
#include <pthread.h>

int main(int argc, char** argv)
{
  (void)argv;
#ifndef pthread_create
  return ((int*)(&pthread_create))[argc];
#else
  (void)argc;
  return 0;
#endif
}

Determining if the function pthread_create exists in the pthreads failed with the following output:
Change Dir: /home/zhuoming/dca1000_ws/build/CMakeFiles/CMakeTmp

Run Build Command:"/usr/bin/make" "cmTC_5d92c/fast"
/usr/bin/make -f CMakeFiles/cmTC_5d92c.dir/build.make CMakeFiles/cmTC_5d92c.dir/build
make[1]: Entering directory '/home/zhuoming/dca1000_ws/build/CMakeFiles/CMakeTmp'
Building C object CMakeFiles/cmTC_5d92c.dir/CheckFunctionExists.c.o
/usr/bin/cc   -DCHECK_FUNCTION_EXISTS=pthread_create   -o CMakeFiles/cmTC_5d92c.dir/CheckFunctionExists.c.o   -c /usr/share/cmake-3.10/Modules/CheckFunctionExists.c
Linking C executable cmTC_5d92c
/usr/bin/cmake -E cmake_link_script CMakeFiles/cmTC_5d92c.dir/link.txt --verbose=1
/usr/bin/cc  -DCHECK_FUNCTION_EXISTS=pthread_create    -rdynamic CMakeFiles/cmTC_5d92c.dir/CheckFunctionExists.c.o  -o cmTC_5d92c -lpthreads 
/usr/bin/ld: cannot find -lpthreads
collect2: error: ld returned 1 exit status
CMakeFiles/cmTC_5d92c.dir/build.make:97: recipe for target 'cmTC_5d92c' failed
make[1]: *** [cmTC_5d92c] Error 1
make[1]: Leaving directory '/home/zhuoming/dca1000_ws/build/CMakeFiles/CMakeTmp'
Makefile:126: recipe for target 'cmTC_5d92c/fast' failed
make: *** [cmTC_5d92c/fast] Error 2


